--------------------------------------BOOT (2019-03-06 16:05:46)------------------------------------------
--------------OPENING sys--------------
Adding ./sys.db to library! {
	pageSize : 8000, 
	id : 0, 
	pages : 1, 
	blobFile : sys
}
Updating ./sys.db: {
	pageSize : 8000, 
	id : 0, 
	pages : 2, 
	blobFile : sys
}
Existing Record: null
[]
Updating ./sys.db: {
	pageSize : 8000, 
	id : 0, 
	pages : 3, 
	blobFile : sys
}
Existing Record: {
	persisted : false, 
	index : {
		pageSize : 8000, 
		id : 0, 
		pages : 3, 
		blobFile : sys
	}
}
[{
		data : {
			pageSize : 8000, 
			id : 0, 
			pages : 2, 
			blobFile : sys
		}, 
		location : {
			pageNo : 2, 
			recordNo : 0
		}
	}]
Library: {
	loaded : true, 
	index : {
		id : 0, 
		pages : [2], 
		bookId : 0
	}, 
	book : {
		persisted : true, 
		index : {
			pageSize : 8000, 
			id : 0, 
			pages : 3, 
			blobFile : sys
		}
	}, 
	pages : {
		h : {
			2 : {
				book : {
					persisted : <...>, 
					index : <...>
				}, 
				header : {
					id : <...>, 
					size : <...>
				}, 
				contents : acy20:haxedb.record.Recordy4:datacy30:haxedb.record.books.BookRecordy8:pageSizei8000y2:idzy5:pagesi3y8:blobFiley3:sysgy8:locationoy6:pageNoi2y8:recordNozggh
			}
		}
	}, 
	dirtyPages : [2]
}
[{
		data : {
			pageSize : 8000, 
			id : 0, 
			pages : 3, 
			blobFile : sys
		}, 
		location : {
			pageNo : 2, 
			recordNo : 0
		}
	}]
--------------OPENING new-collection--------------
Adding ./new-collection.db to library! {
	pageSize : 8000, 
	id : 1, 
	pages : 0, 
	blobFile : new-collection
}
Library: {
	loaded : true, 
	index : {
		id : 0, 
		pages : [2,4], 
		bookId : 0
	}, 
	book : {
		persisted : true, 
		index : {
			pageSize : 8000, 
			id : 0, 
			pages : 4, 
			blobFile : sys
		}
	}, 
	pages : {
		h : {
			2 : {
				book : {
					persisted : <...>, 
					index : <...>
				}, 
				header : {
					id : <...>, 
					size : <...>
				}, 
				contents : acy20:haxedb.record.Recordy4:datacy30:haxedb.record.books.BookRecordy8:pageSizei8000y2:idzy5:pagesi3y8:blobFiley3:sysgy8:locationoy6:pageNoi2y8:recordNozggcR0R1cR2R3i8000R4i1R5zR6y14:new-collectiongR8oR9i4R10zggh
			}, 
			4 : {
				book : {
					persisted : <...>, 
					index : <...>
				}, 
				header : {
					id : <...>, 
					size : <...>
				}, 
				contents : 
			}
		}
	}, 
	dirtyPages : []
}
[{
		data : {
			pageSize : 8000, 
			id : 0, 
			pages : 3, 
			blobFile : sys
		}, 
		location : {
			pageNo : 2, 
			recordNo : 0
		}
	},{
		data : {
			pageSize : 8000, 
			id : 1, 
			pages : 0, 
			blobFile : new-collection
		}, 
		location : {
			pageNo : 4, 
			recordNo : 0
		}
	}]
Updating ./sys.db: {
	pageSize : 8000, 
	id : 0, 
	pages : 4, 
	blobFile : sys
}
Existing Record: {
	persisted : false, 
	index : {
		pageSize : 8000, 
		id : 0, 
		pages : 4, 
		blobFile : sys
	}
}
[{
		data : {
			pageSize : 8000, 
			id : 0, 
			pages : 3, 
			blobFile : sys
		}, 
		location : {
			pageNo : 2, 
			recordNo : 0
		}
	},{
		data : {
			pageSize : 8000, 
			id : 1, 
			pages : 0, 
			blobFile : new-collection
		}, 
		location : {
			pageNo : 4, 
			recordNo : 0
		}
	}]
Library: {
	loaded : true, 
	index : {
		id : 0, 
		pages : [2,4], 
		bookId : 0
	}, 
	book : {
		persisted : true, 
		index : {
			pageSize : 8000, 
			id : 0, 
			pages : 4, 
			blobFile : sys
		}
	}, 
	pages : {
		h : {
			2 : {
				book : {
					persisted : <...>, 
					index : <...>
				}, 
				header : {
					id : <...>, 
					size : <...>
				}, 
				contents : acy20:haxedb.record.Recordy4:datacy30:haxedb.record.books.BookRecordy8:pageSizei8000y2:idzy5:pagesi4y8:blobFiley3:sysgy8:locationoy6:pageNoi2y8:recordNozggcR0R1cR2R3i8000R4i1R5zR6y14:new-collectiongR8oR9i4R10zggh
			}, 
			4 : {
				book : {
					persisted : <...>, 
					index : <...>
				}, 
				header : {
					id : <...>, 
					size : <...>
				}, 
				contents : acy20:haxedb.record.Recordy4:datacy30:haxedb.record.books.BookRecordy8:pageSizei8000y2:idi1y5:pageszy8:blobFiley14:new-collectiongy8:locationoy6:pageNoi4y8:recordNozggh
			}
		}
	}, 
	dirtyPages : []
}
[{
		data : {
			pageSize : 8000, 
			id : 0, 
			pages : 4, 
			blobFile : sys
		}, 
		location : {
			pageNo : 2, 
			recordNo : 0
		}
	},{
		data : {
			pageSize : 8000, 
			id : 1, 
			pages : 0, 
			blobFile : new-collection
		}, 
		location : {
			pageNo : 4, 
			recordNo : 0
		}
	},{
		data : {
			pageSize : 8000, 
			id : 1, 
			pages : 0, 
			blobFile : new-collection
		}, 
		location : {
			pageNo : 4, 
			recordNo : 0
		}
	}]
--------------OPENING new-collection--------------
Library: {
	loaded : true, 
	index : {
		id : 0, 
		pages : [2,4], 
		bookId : 0
	}, 
	book : {
		persisted : true, 
		index : {
			pageSize : 8000, 
			id : 0, 
			pages : 4, 
			blobFile : sys
		}
	}, 
	pages : {
		h : {
			2 : {
				book : {
					persisted : <...>, 
					index : <...>
				}, 
				header : {
					id : <...>, 
					size : <...>
				}, 
				contents : acy20:haxedb.record.Recordy4:datacy30:haxedb.record.books.BookRecordy8:pageSizei8000y2:idzy5:pagesi4y8:blobFiley3:sysgy8:locationoy6:pageNoi2y8:recordNozggcR0R1cR2R3i8000R4i1R5zR6y14:new-collectiongR8oR9i4R10zggh
			}, 
			4 : {
				book : {
					persisted : <...>, 
					index : <...>
				}, 
				header : {
					id : <...>, 
					size : <...>
				}, 
				contents : acy20:haxedb.record.Recordy4:datacy30:haxedb.record.books.BookRecordy8:pageSizei8000y2:idi1y5:pageszy8:blobFiley14:new-collectiongy8:locationoy6:pageNoi4y8:recordNozggh
			}
		}
	}, 
	dirtyPages : []
}
[{
		data : {
			pageSize : 8000, 
			id : 0, 
			pages : 4, 
			blobFile : sys
		}, 
		location : {
			pageNo : 2, 
			recordNo : 0
		}
	},{
		data : {
			pageSize : 8000, 
			id : 1, 
			pages : 0, 
			blobFile : new-collection
		}, 
		location : {
			pageNo : 4, 
			recordNo : 0
		}
	},{
		data : {
			pageSize : 8000, 
			id : 1, 
			pages : 0, 
			blobFile : new-collection
		}, 
		location : {
			pageNo : 4, 
			recordNo : 0
		}
	}]
--------------OPENING new-collection--------------
Library: {
	loaded : true, 
	index : {
		id : 0, 
		pages : [2,4], 
		bookId : 0
	}, 
	book : {
		persisted : true, 
		index : {
			pageSize : 8000, 
			id : 0, 
			pages : 4, 
			blobFile : sys
		}
	}, 
	pages : {
		h : {
			2 : {
				book : {
					persisted : <...>, 
					index : <...>
				}, 
				header : {
					id : <...>, 
					size : <...>
				}, 
				contents : acy20:haxedb.record.Recordy4:datacy30:haxedb.record.books.BookRecordy8:pageSizei8000y2:idzy5:pagesi4y8:blobFiley3:sysgy8:locationoy6:pageNoi2y8:recordNozggcR0R1cR2R3i8000R4i1R5zR6y14:new-collectiongR8oR9i4R10zggh
			}, 
			4 : {
				book : {
					persisted : <...>, 
					index : <...>
				}, 
				header : {
					id : <...>, 
					size : <...>
				}, 
				contents : acy20:haxedb.record.Recordy4:datacy30:haxedb.record.books.BookRecordy8:pageSizei8000y2:idi1y5:pageszy8:blobFiley14:new-collectiongy8:locationoy6:pageNoi4y8:recordNozggh
			}
		}
	}, 
	dirtyPages : []
}
[{
		data : {
			pageSize : 8000, 
			id : 0, 
			pages : 4, 
			blobFile : sys
		}, 
		location : {
			pageNo : 2, 
			recordNo : 0
		}
	},{
		data : {
			pageSize : 8000, 
			id : 1, 
			pages : 0, 
			blobFile : new-collection
		}, 
		location : {
			pageNo : 4, 
			recordNo : 0
		}
	},{
		data : {
			pageSize : 8000, 
			id : 1, 
			pages : 0, 
			blobFile : new-collection
		}, 
		location : {
			pageNo : 4, 
			recordNo : 0
		}
	}]
--------------OPENING new-collection--------------
Library: {
	loaded : true, 
	index : {
		id : 0, 
		pages : [2,4], 
		bookId : 0
	}, 
	book : {
		persisted : true, 
		index : {
			pageSize : 8000, 
			id : 0, 
			pages : 4, 
			blobFile : sys
		}
	}, 
	pages : {
		h : {
			2 : {
				book : {
					persisted : <...>, 
					index : <...>
				}, 
				header : {
					id : <...>, 
					size : <...>
				}, 
				contents : acy20:haxedb.record.Recordy4:datacy30:haxedb.record.books.BookRecordy8:pageSizei8000y2:idzy5:pagesi4y8:blobFiley3:sysgy8:locationoy6:pageNoi2y8:recordNozggcR0R1cR2R3i8000R4i1R5zR6y14:new-collectiongR8oR9i4R10zggh
			}, 
			4 : {
				book : {
					persisted : <...>, 
					index : <...>
				}, 
				header : {
					id : <...>, 
					size : <...>
				}, 
				contents : acy20:haxedb.record.Recordy4:datacy30:haxedb.record.books.BookRecordy8:pageSizei8000y2:idi1y5:pageszy8:blobFiley14:new-collectiongy8:locationoy6:pageNoi4y8:recordNozggh
			}
		}
	}, 
	dirtyPages : []
}
[{
		data : {
			pageSize : 8000, 
			id : 0, 
			pages : 4, 
			blobFile : sys
		}, 
		location : {
			pageNo : 2, 
			recordNo : 0
		}
	},{
		data : {
			pageSize : 8000, 
			id : 1, 
			pages : 0, 
			blobFile : new-collection
		}, 
		location : {
			pageNo : 4, 
			recordNo : 0
		}
	},{
		data : {
			pageSize : 8000, 
			id : 1, 
			pages : 0, 
			blobFile : new-collection
		}, 
		location : {
			pageNo : 4, 
			recordNo : 0
		}
	}]
